[14:48:01] [ServerMain/INFO]: Environment: Environment[sessionHost=https://sessionserver.mojang.com, servicesHost=https://api.minecraftservices.com, name=PROD]
[14:48:02] [ServerMain/INFO]: No existing world data, creating new world
[14:48:02] [ServerMain/INFO]: Loaded 1290 recipes
[14:48:02] [ServerMain/INFO]: Loaded 1399 advancements
[14:48:03] [Server thread/INFO]: Starting minecraft server version 1.21.1
[14:48:03] [Server thread/INFO]: Loading properties
[14:48:03] [Server thread/INFO]: Default game type: SURVIVAL
[14:48:03] [Server thread/INFO]: Generating keypair
[14:48:03] [Server thread/INFO]: Starting Minecraft server on *:25565
[14:48:03] [Server thread/INFO]: Using epoll channel type
[14:48:03] [Server thread/WARN]: **** SERVER IS RUNNING IN OFFLINE/INSECURE MODE!
[14:48:03] [Server thread/WARN]: The server will make no attempt to authenticate usernames. Beware.
[14:48:03] [Server thread/WARN]: While this makes the game possible to play without internet access, it also opens up the ability for hackers to connect with any username they choose.
[14:48:03] [Server thread/WARN]: To change this, set "online-mode" to "true" in the server.properties file.
[14:48:03] [Server thread/INFO]: Preparing level "world"
[14:48:09] [Server thread/INFO]: Preparing start region for dimension minecraft:overworld
[14:48:09] [Worker-Main-2/INFO]: Preparing spawn area: 2%
[14:48:10] [Worker-Main-1/INFO]: Preparing spawn area: 2%
[14:48:10] [Worker-Main-1/INFO]: Preparing spawn area: 2%
[14:48:10] [Worker-Main-2/INFO]: Preparing spawn area: 2%
[14:48:11] [Worker-Main-1/INFO]: Preparing spawn area: 2%
[14:48:11] [Worker-Main-3/INFO]: Preparing spawn area: 2%
[14:48:12] [Worker-Main-1/INFO]: Preparing spawn area: 18%
[14:48:12] [Worker-Main-1/INFO]: Preparing spawn area: 18%
[14:48:13] [Worker-Main-3/INFO]: Preparing spawn area: 20%
[14:48:13] [Worker-Main-1/INFO]: Preparing spawn area: 51%
[14:48:14] [Worker-Main-3/INFO]: Preparing spawn area: 51%
[14:48:14] [Worker-Main-1/INFO]: Preparing spawn area: 51%
[14:48:14] [Server thread/INFO]: Time elapsed: 5813 ms
[14:48:14] [Server thread/INFO]: Done (11.118s)! For help, type "help"
[14:49:16] [Server thread/INFO]: iMathias1[/100.126.241.44:49753] logged in with entity id 1 at (-213.5, 71.0, 380.5)
[14:49:16] [Server thread/INFO]: iMathias1 joined the game
[14:49:20] [Server thread/INFO]: iMathias1 lost connection: Disconnected
[14:49:20] [Server thread/INFO]: iMathias1 left the game
[14:49:23] [Server thread/INFO]: iMathias1[/100.126.241.44:49764] logged in with entity id 91 at (-214.12824442251502, 71.0, 380.6285285156003)
[14:49:23] [Server thread/INFO]: iMathias1 joined the game
[14:49:38] [Server thread/INFO]: iMathias1 lost connection: Disconnected
[14:49:38] [Server thread/INFO]: iMathias1 left the game
[14:49:53] [Server thread/INFO]: iMathias1[/100.126.241.44:49797] logged in with entity id 397 at (-205.07527762750394, 72.0, 379.9790734141533)
[14:49:53] [Server thread/INFO]: iMathias1 joined the game
[14:49:56] [Server thread/INFO]: iMathias1 lost connection: Disconnected
[14:49:56] [Server thread/INFO]: iMathias1 left the game
[14:49:57] [Server thread/INFO]: iMathias1[/100.126.241.44:49807] logged in with entity id 632 at (-205.07527762750394, 72.0, 379.9790734141533)
[14:49:57] [Server thread/INFO]: iMathias1 joined the game
[14:50:05] [Server thread/INFO]: Made iMathias1 a server operator
[14:50:09] [Server thread/INFO]: [iMathias1: Set own game mode to Creative Mode]
[14:50:11] [Server thread/WARN]: iMathias1 moved too quickly! 0.30478802476878286,2.957353448919349,-9.999178431667644
[14:50:18] [Server thread/INFO]: iMathias1 lost connection: Disconnected
[14:50:18] [Server thread/INFO]: iMathias1 left the game
[14:52:23] [Server thread/INFO]: iMathias1[/100.126.241.44:49929] logged in with entity id 1069 at (-197.64020524955896, 86.38544553013618, 351.73783675369566)
[14:52:23] [Server thread/INFO]: iMathias1 joined the game
[14:52:40] [Server thread/INFO]: iMathias1 lost connection: Disconnected
[14:52:40] [Server thread/INFO]: iMathias1 left the game
[14:54:14] [Server thread/INFO]: iMathias1[/100.126.241.44:50034] logged in with entity id 1260 at (-197.64020524955896, 86.38544553013618, 351.73783675369566)
[14:54:14] [Server thread/INFO]: iMathias1 joined the game
[14:54:49] [Server thread/INFO]: Added ianderson1 to the whitelist
[14:54:51] [Server thread/INFO]: Reloaded the whitelist
[14:57:29] [Server thread/INFO]: iMathias1 lost connection: Disconnected
[14:57:29] [Server thread/INFO]: iMathias1 left the game
